TN:
SF:src\components\Button\Button.tsx
FN:47,get
FN:19,Button
FNF:2
FNH:2
FNDA:1,get
FNDA:1,Button
DA:1,1
DA:2,1
DA:3,1
DA:4,1
DA:5,1
DA:6,1
DA:7,1
DA:8,1
DA:9,1
DA:10,1
DA:11,1
DA:12,1
DA:13,1
DA:14,1
DA:15,1
DA:16,1
DA:17,1
DA:18,1
DA:19,1
DA:20,1
DA:21,1
DA:22,1
DA:23,1
DA:24,1
DA:25,1
DA:26,1
DA:27,0
DA:28,0
DA:29,0
DA:30,0
DA:31,0
DA:32,1
DA:33,1
DA:34,1
DA:35,1
DA:36,1
DA:37,1
DA:38,1
DA:39,1
DA:40,1
DA:41,1
DA:42,1
DA:43,1
DA:44,1
DA:45,1
DA:46,1
DA:47,1
LF:47
LH:42
BRDA:47,0,0,1
BRDA:19,1,0,1
BRDA:24,2,0,0
BRDA:26,3,0,0
BRDA:26,4,0,0
BRF:5
BRH:2
end_of_record
